<?xml version="1.0" encoding="UTF-8"?>
<!-- Generated by org.testng.reporters.JUnitReportReporter -->
<testsuite hostname="DESKTOP-NIPQTDE" failures="0" tests="8" name="testpkg.Lumatest" time="53.448" errors="0" timestamp="2024-11-22T20:01:32 IST" skipped="0">
  <testcase classname="testpkg.Lumatest" name="siteLOad" time="7.865"/>
  <system-out/>
  <testcase classname="testpkg.Lumatest" name="Titleverification" time="0.016"/>
  <system-out/>
  <testcase classname="testpkg.Lumatest" name="Textverification" time="0.040"/>
  <system-out/>
  <testcase classname="testpkg.Lumatest" name="Addtocart" time="20.995"/>
  <system-out/>
  <testcase classname="testpkg.Lumatest" name="checkoutpage" time="8.101"/>
  <system-out/>
  <testcase classname="testpkg.Lumatest" name="removeitemclick" time="11.146"/>
  <system-out/>
  <testcase classname="testpkg.Lumatest" name="Screenshotcheck" time="0.233"/>
  <system-out/>
  <testcase classname="testpkg.Lumatest" name="verifyloginwithcred" time="5.052"/>
  <system-out/>
</testsuite> <!-- testpkg.Lumatest -->
